-----------------------------------------------------------------------------------
--- Script exec_make_gsw_vrt_tiles.sh started at Fri Jun  9 11:21:10 CEST 2023
-----------------------------------------------------------------------------------
now running gdalbuildvrt on 648 tiles
0...10...20...30...40...50...60...70...80...90...100 - done.
Starting GRASS GIS...
Cleaning up temporary files...
Executing <r.external input=gsw_109.vrt output=gsw_109 --q --o> ...
Execution of <r.external input=gsw_109.vrt output=gsw_109 --q --o> finished.
Cleaning up temporary files...
0...10...20...30...40...50...60...70...80...90...100 - done.
Starting GRASS GIS...
Cleaning up temporary files...
Executing <r.external input=gsw_110.vrt output=gsw_110 --q --o> ...
Execution of <r.external input=gsw_110.vrt output=gsw_110 --q --o> finished.
Cleaning up temporary files...
0...10...20...30...40...50...60...70...80...90...100 - done.
Starting GRASS GIS...
Cleaning up temporary files...
Executing <r.external input=gsw_111.vrt output=gsw_111 --q --o> ...
Execution of <r.external input=gsw_111.vrt output=gsw_111 --q --o> finished.
Cleaning up temporary files...
0...10...20...30...40...50...60...70...80...90...100 - done.
Starting GRASS GIS...
Cleaning up temporary files...
Executing <r.external input=gsw_112.vrt output=gsw_112 --q --o> ...
Execution of <r.external input=gsw_112.vrt output=gsw_112 --q --o> finished.
Cleaning up temporary files...
0...10...20...30...40...50...60...70...80...90...100 - done.
Starting GRASS GIS...
Cleaning up temporary files...
Executing <r.external input=gsw_113.vrt output=gsw_113 --q --o> ...
Execution of <r.external input=gsw_113.vrt output=gsw_113 --q --o> finished.
Cleaning up temporary files...
0...10...20...30...40...50...60...70...80...90...100 - done.
Starting GRASS GIS...
Cleaning up temporary files...
Executing <r.external input=gsw_114.vrt output=gsw_114 --q --o> ...
Execution of <r.external input=gsw_114.vrt output=gsw_114 --q --o> finished.
Cleaning up temporary files...
0...10...20...30...40...50...60...70...80...90...100 - done.
Starting GRASS GIS...
Cleaning up temporary files...
Executing <r.external input=gsw_115.vrt output=gsw_115 --q --o> ...
Execution of <r.external input=gsw_115.vrt output=gsw_115 --q --o> finished.
Cleaning up temporary files...
0...10...20...30...40...50...60...70...80...90...100 - done.
./exec_make_gsw_vrt_tiles.sh: line 53: 55569 Broken pipe             for eid in {109..612};
do
    obj=$(cat ${SERVICEDIR}/eid_index.csv |grep "eid_${eid}|"); wcoor=$(echo ${obj} | while IFS="|" read a b c d e; do echo ${b}; done); ecoor=$(echo ${obj} | while IFS="|" read a b c d e; do echo ${c}; done); scoor=$(echo ${obj} | while IFS="|" read a b c d e; do echo ${d}; done); ncoor=$(echo ${obj} | while IFS="|" read a b c d e; do echo ${e}; done); echo "gdalbuildvrt -overwrite -te ${wcoor} ${scoor} ${ecoor} ${ncoor} gsw_${eid}.vrt ${INRASTER}"; echo "grass ${GSW_MAPSET} --exec r.external input=gsw_${eid}.vrt output=gsw_${eid} --q --o";
done
     55570 Killed                  | parallel -j 1
--------------------------------------------------------------------------------------
Script exec_make_gsw_vrt_tiles.sh ended at Fri Jun  9 11:26:28 CEST 2023
--------------------------------------------------------------------------------------
Surface Water vrt files prepared and imported in grass in 5 minutes
--------------------------------------------------------------------------------------
